2024.12.18 13:11:25 WARN  Flyway upgrade recommended: H2 2.3.232 is newer than this version of Flyway and support has not been tested. The latest supported version of H2 is 2.2.224.
2024.12.18 13:11:25 INFO  no build target found for C:\Users\Mallory Anderson\Documents\2024 - 2025\CS 410\Compiler\C_Compiler\mainpackage\Compiler.java. Using presentation compiler with project's scala-library version: 3.3.4
2024.12.18 13:11:26 WARN  no build tool detected in workspace 'C:\Users\Mallory Anderson\Documents\2024 - 2025\CS 410\Compiler\C_Compiler'. The most common cause for this problem is that the editor was opened in the wrong working directory, for example if you use sbt then the workspace directory should contain build.sbt. 
2024.12.18 13:11:26 WARN  Build server is not auto-connectable.
2024.12.18 13:11:27 WARN  Running javac-semanticdb failed for file:///C:/Users/Mallory%20Anderson/Documents/2024%20-%202025/CS%20410/Compiler/C_Compiler/mainpackage/Atom.java. Output:

2024.12.18 13:11:27 WARN  Running javac-semanticdb failed for file:///C:/Users/Mallory%20Anderson/Documents/2024%20-%202025/CS%20410/Compiler/C_Compiler/mainpackage/Compiler.java. Output:

2024.12.18 13:11:28 WARN  Running javac-semanticdb failed for file:///C:/Users/Mallory%20Anderson/Documents/2024%20-%202025/CS%20410/Compiler/C_Compiler/mainpackage/GlobalOptimization.java. Output:

2024.12.18 13:11:28 WARN  Running javac-semanticdb failed for file:///C:/Users/Mallory%20Anderson/Documents/2024%20-%202025/CS%20410/Compiler/C_Compiler/mainpackage/LocalOptimization.java. Output:

2024.12.18 13:11:28 WARN  Running javac-semanticdb failed for file:///C:/Users/Mallory%20Anderson/Documents/2024%20-%202025/CS%20410/Compiler/C_Compiler/mainpackage/Parser.java. Output:

Dec 18, 2024 1:11:36 PM org.eclipse.lsp4j.jsonrpc.RemoteEndpoint handleCancellation
WARNING: Unmatched cancel notification for request id 1
2024.12.18 13:11:36 INFO  no build target found for C:\Users\Mallory Anderson\Documents\2024 - 2025\CS 410\Compiler\C_Compiler\mainpackage\Compiler.java. Using presentation compiler with project's scala-library version: 3.3.4
Dec 18, 2024 1:11:36 PM org.eclipse.lsp4j.jsonrpc.RemoteEndpoint handleCancellation
WARNING: Unmatched cancel notification for request id 5
2024.12.18 13:11:36 INFO  no build target found for C:\Users\Mallory Anderson\Documents\2024 - 2025\CS 410\Compiler\C_Compiler\mainpackage\Compiler.java. Using presentation compiler with project's scala-library version: 3.3.4
2024.12.18 13:11:36 INFO  no build target found for C:\Users\Mallory Anderson\Documents\2024 - 2025\CS 410\Compiler\C_Compiler\mainpackage\Compiler.java. Using presentation compiler with project's scala-library version: 3.3.4
2024.12.18 13:11:36 INFO  no build target found for C:\Users\Mallory Anderson\Documents\2024 - 2025\CS 410\Compiler\C_Compiler\mainpackage\Compiler.java. Using presentation compiler with project's scala-library version: 3.3.4
2024.12.18 13:11:37 INFO  no build target found for C:\Users\Mallory Anderson\Documents\2024 - 2025\CS 410\Compiler\C_Compiler\mainpackage\Compiler.java. Using presentation compiler with project's scala-library version: 3.3.4
Dec 18, 2024 1:11:37 PM org.eclipse.lsp4j.jsonrpc.RemoteEndpoint handleCancellation
WARNING: Unmatched cancel notification for request id 7
2024.12.18 13:11:36 INFO  no build target found for C:\Users\Mallory Anderson\Documents\2024 - 2025\CS 410\Compiler\C_Compiler\mainpackage\Compiler.java. Using presentation compiler with project's scala-library version: 3.3.4
2024.12.18 13:11:36 INFO  no build target found for C:\Users\Mallory Anderson\Documents\2024 - 2025\CS 410\Compiler\C_Compiler\mainpackage\Compiler.java. Using presentation compiler with project's scala-library version: 3.3.4
Dec 18, 2024 1:11:37 PM org.eclipse.lsp4j.jsonrpc.RemoteEndpoint handleCancellation
WARNING: Unmatched cancel notification for request id 38
2024.12.18 13:11:40 INFO  no build target found for C:\Users\Mallory Anderson\Documents\2024 - 2025\CS 410\Compiler\C_Compiler\mainpackage\Compiler.java. Using presentation compiler with project's scala-library version: 3.3.4
2024.12.18 13:11:41 INFO  no build target found for C:\Users\Mallory Anderson\Documents\2024 - 2025\CS 410\Compiler\C_Compiler\mainpackage\Compiler.java. Using presentation compiler with project's scala-library version: 3.3.4
2024.12.18 13:11:40 INFO  no build target found for C:\Users\Mallory Anderson\Documents\2024 - 2025\CS 410\Compiler\C_Compiler\mainpackage\Compiler.java. Using presentation compiler with project's scala-library version: 3.3.4
Dec 18, 2024 1:11:42 PM scala.meta.internal.pc.CompilerAccess handleError
SEVERE: A severe compiler error occurred, full details of the error can be found in the error report C:\Users\Mallory Anderson\Documents\2024 - 2025\CS 410\Compiler\C_Compiler\.metals\.reports\metals-full\2024-12-18\r_compiler-error_13-11-42-445.md
2024.12.18 13:11:42 INFO  no build target found for C:\Users\Mallory Anderson\Documents\2024 - 2025\CS 410\Compiler\C_Compiler\mainpackage\Compiler.java. Using presentation compiler with project's scala-library version: 3.3.4
2024.12.18 13:11:42 INFO  no build target found for C:\Users\Mallory Anderson\Documents\2024 - 2025\CS 410\Compiler\C_Compiler\mainpackage\Compiler.java. Using presentation compiler with project's scala-library version: 3.3.4
2024.12.18 13:11:42 INFO  no build target found for C:\Users\Mallory Anderson\Documents\2024 - 2025\CS 410\Compiler\C_Compiler\mainpackage\Compiler.java. Using presentation compiler with project's scala-library version: 3.3.4
2024.12.18 13:11:43 INFO  no build target found for C:\Users\Mallory Anderson\Documents\2024 - 2025\CS 410\Compiler\C_Compiler\mainpackage\Compiler.java. Using presentation compiler with project's scala-library version: 3.3.4
2024.12.18 13:11:42 INFO  no build target found for C:\Users\Mallory Anderson\Documents\2024 - 2025\CS 410\Compiler\C_Compiler\mainpackage\Compiler.java. Using presentation compiler with project's scala-library version: 3.3.4
2024.12.18 13:11:43 INFO  no build target found for C:\Users\Mallory Anderson\Documents\2024 - 2025\CS 410\Compiler\C_Compiler\mainpackage\Compiler.java. Using presentation compiler with project's scala-library version: 3.3.4
2024.12.18 13:11:43 INFO  no build target found for C:\Users\Mallory Anderson\Documents\2024 - 2025\CS 410\Compiler\C_Compiler\mainpackage\Compiler.java. Using presentation compiler with project's scala-library version: 3.3.4
2024.12.18 13:11:43 INFO  no build target found for C:\Users\Mallory Anderson\Documents\2024 - 2025\CS 410\Compiler\C_Compiler\mainpackage\Compiler.java. Using presentation compiler with project's scala-library version: 3.3.4
2024.12.18 13:11:43 INFO  no build target found for C:\Users\Mallory Anderson\Documents\2024 - 2025\CS 410\Compiler\C_Compiler\mainpackage\Compiler.java. Using presentation compiler with project's scala-library version: 3.3.4
2024.12.18 13:11:43 INFO  no build target found for C:\Users\Mallory Anderson\Documents\2024 - 2025\CS 410\Compiler\C_Compiler\mainpackage\Compiler.java. Using presentation compiler with project's scala-library version: 3.3.4
2024.12.18 13:11:43 INFO  no build target found for C:\Users\Mallory Anderson\Documents\2024 - 2025\CS 410\Compiler\C_Compiler\mainpackage\Compiler.java. Using presentation compiler with project's scala-library version: 3.3.4
2024.12.18 13:11:44 INFO  no build target found for C:\Users\Mallory Anderson\Documents\2024 - 2025\CS 410\Compiler\C_Compiler\mainpackage\Compiler.java. Using presentation compiler with project's scala-library version: 3.3.4
2024.12.18 13:11:44 INFO  no build target found for C:\Users\Mallory Anderson\Documents\2024 - 2025\CS 410\Compiler\C_Compiler\mainpackage\Compiler.java. Using presentation compiler with project's scala-library version: 3.3.4
2024.12.18 13:11:44 INFO  no build target found for C:\Users\Mallory Anderson\Documents\2024 - 2025\CS 410\Compiler\C_Compiler\mainpackage\Compiler.java. Using presentation compiler with project's scala-library version: 3.3.4
Dec 18, 2024 1:11:45 PM scala.meta.internal.pc.CompilerAccess handleError
SEVERE: A severe compiler error occurred, full details of the error can be found in the error report C:\Users\Mallory Anderson\Documents\2024 - 2025\CS 410\Compiler\C_Compiler\.metals\.reports\metals-full\2024-12-18\r_compiler-error_13-11-45-022.md
2024.12.18 13:11:44 INFO  no build target found for C:\Users\Mallory Anderson\Documents\2024 - 2025\CS 410\Compiler\C_Compiler\mainpackage\Compiler.java. Using presentation compiler with project's scala-library version: 3.3.4
2024.12.18 13:11:44 INFO  no build target found for C:\Users\Mallory Anderson\Documents\2024 - 2025\CS 410\Compiler\C_Compiler\mainpackage\Compiler.java. Using presentation compiler with project's scala-library version: 3.3.4
2024.12.18 13:11:44 INFO  no build target found for C:\Users\Mallory Anderson\Documents\2024 - 2025\CS 410\Compiler\C_Compiler\mainpackage\Compiler.java. Using presentation compiler with project's scala-library version: 3.3.4
2024.12.18 13:11:44 INFO  no build target found for C:\Users\Mallory Anderson\Documents\2024 - 2025\CS 410\Compiler\C_Compiler\mainpackage\Compiler.java. Using presentation compiler with project's scala-library version: 3.3.4
2024.12.18 13:11:45 INFO  no build target found for C:\Users\Mallory Anderson\Documents\2024 - 2025\CS 410\Compiler\C_Compiler\mainpackage\Compiler.java. Using presentation compiler with project's scala-library version: 3.3.4
2024.12.18 13:11:45 INFO  no build target found for C:\Users\Mallory Anderson\Documents\2024 - 2025\CS 410\Compiler\C_Compiler\mainpackage\Compiler.java. Using presentation compiler with project's scala-library version: 3.3.4
2024.12.18 13:11:45 INFO  no build target found for C:\Users\Mallory Anderson\Documents\2024 - 2025\CS 410\Compiler\C_Compiler\mainpackage\Compiler.java. Using presentation compiler with project's scala-library version: 3.3.4
Dec 18, 2024 1:11:46 PM scala.meta.internal.pc.CompilerAccess handleError
SEVERE: A severe compiler error occurred, full details of the error can be found in the error report C:\Users\Mallory Anderson\Documents\2024 - 2025\CS 410\Compiler\C_Compiler\.metals\.reports\metals-full\2024-12-18\r_compiler-error_13-11-46-198.md
2024.12.18 13:11:45 INFO  no build target found for C:\Users\Mallory Anderson\Documents\2024 - 2025\CS 410\Compiler\C_Compiler\mainpackage\Compiler.java. Using presentation compiler with project's scala-library version: 3.3.4
2024.12.18 13:11:45 INFO  no build target found for C:\Users\Mallory Anderson\Documents\2024 - 2025\CS 410\Compiler\C_Compiler\mainpackage\Compiler.java. Using presentation compiler with project's scala-library version: 3.3.4
2024.12.18 13:11:46 INFO  no build target found for C:\Users\Mallory Anderson\Documents\2024 - 2025\CS 410\Compiler\C_Compiler\mainpackage\Compiler.java. Using presentation compiler with project's scala-library version: 3.3.4
2024.12.18 13:11:46 INFO  no build target found for C:\Users\Mallory Anderson\Documents\2024 - 2025\CS 410\Compiler\C_Compiler\mainpackage\Compiler.java. Using presentation compiler with project's scala-library version: 3.3.4
Dec 18, 2024 1:11:47 PM scala.meta.internal.pc.CompilerAccess handleError
SEVERE: A severe compiler error occurred, full details of the error can be found in the error report C:\Users\Mallory Anderson\Documents\2024 - 2025\CS 410\Compiler\C_Compiler\.metals\.reports\metals-full\2024-12-18\r_compiler-error_13-11-47-013.md
2024.12.18 13:11:46 INFO  no build target found for C:\Users\Mallory Anderson\Documents\2024 - 2025\CS 410\Compiler\C_Compiler\mainpackage\Compiler.java. Using presentation compiler with project's scala-library version: 3.3.4
2024.12.18 13:11:46 INFO  no build target found for C:\Users\Mallory Anderson\Documents\2024 - 2025\CS 410\Compiler\C_Compiler\mainpackage\Compiler.java. Using presentation compiler with project's scala-library version: 3.3.4
2024.12.18 13:11:46 INFO  no build target found for C:\Users\Mallory Anderson\Documents\2024 - 2025\CS 410\Compiler\C_Compiler\mainpackage\Compiler.java. Using presentation compiler with project's scala-library version: 3.3.4
2024.12.18 13:11:46 INFO  no build target found for C:\Users\Mallory Anderson\Documents\2024 - 2025\CS 410\Compiler\C_Compiler\mainpackage\Compiler.java. Using presentation compiler with project's scala-library version: 3.3.4
Dec 18, 2024 1:11:47 PM scala.meta.internal.pc.CompilerAccess handleError
SEVERE: A severe compiler error occurred, full details of the error can be found in the error report C:\Users\Mallory Anderson\Documents\2024 - 2025\CS 410\Compiler\C_Compiler\.metals\.reports\metals-full\2024-12-18\r_compiler-error_13-11-47-605.md
2024.12.18 13:11:46 INFO  no build target found for C:\Users\Mallory Anderson\Documents\2024 - 2025\CS 410\Compiler\C_Compiler\mainpackage\Compiler.java. Using presentation compiler with project's scala-library version: 3.3.4
2024.12.18 13:11:46 INFO  no build target found for C:\Users\Mallory Anderson\Documents\2024 - 2025\CS 410\Compiler\C_Compiler\mainpackage\Compiler.java. Using presentation compiler with project's scala-library version: 3.3.4
2024.12.18 13:11:46 INFO  no build target found for C:\Users\Mallory Anderson\Documents\2024 - 2025\CS 410\Compiler\C_Compiler\mainpackage\Compiler.java. Using presentation compiler with project's scala-library version: 3.3.4
2024.12.18 13:11:48 INFO  no build target found for C:\Users\Mallory Anderson\Documents\2024 - 2025\CS 410\Compiler\C_Compiler\mainpackage\Compiler.java. Using presentation compiler with project's scala-library version: 3.3.4
2024.12.18 13:11:48 INFO  no build target found for C:\Users\Mallory Anderson\Documents\2024 - 2025\CS 410\Compiler\C_Compiler\mainpackage\Compiler.java. Using presentation compiler with project's scala-library version: 3.3.4
Dec 18, 2024 1:11:48 PM scala.meta.internal.pc.CompilerAccess handleError
SEVERE: A severe compiler error occurred, full details of the error can be found in the error report C:\Users\Mallory Anderson\Documents\2024 - 2025\CS 410\Compiler\C_Compiler\.metals\.reports\metals-full\2024-12-18\r_compiler-error_13-11-48-202.md
2024.12.18 13:11:48 INFO  no build target found for C:\Users\Mallory Anderson\Documents\2024 - 2025\CS 410\Compiler\C_Compiler\mainpackage\Compiler.java. Using presentation compiler with project's scala-library version: 3.3.4
2024.12.18 13:11:50 INFO  no build target found for C:\Users\Mallory Anderson\Documents\2024 - 2025\CS 410\Compiler\C_Compiler\mainpackage\Compiler.java. Using presentation compiler with project's scala-library version: 3.3.4
2024.12.18 13:11:50 INFO  no build target found for C:\Users\Mallory Anderson\Documents\2024 - 2025\CS 410\Compiler\C_Compiler\mainpackage\Compiler.java. Using presentation compiler with project's scala-library version: 3.3.4
2024.12.18 13:11:51 INFO  no build target found for C:\Users\Mallory Anderson\Documents\2024 - 2025\CS 410\Compiler\C_Compiler\mainpackage\Compiler.java. Using presentation compiler with project's scala-library version: 3.3.4
2024.12.18 13:11:51 INFO  no build target found for C:\Users\Mallory Anderson\Documents\2024 - 2025\CS 410\Compiler\C_Compiler\mainpackage\Compiler.java. Using presentation compiler with project's scala-library version: 3.3.4
2024.12.18 13:11:51 INFO  no build target found for C:\Users\Mallory Anderson\Documents\2024 - 2025\CS 410\Compiler\C_Compiler\mainpackage\Compiler.java. Using presentation compiler with project's scala-library version: 3.3.4
Dec 18, 2024 1:11:51 PM scala.meta.internal.pc.CompilerAccess handleError
SEVERE: A severe compiler error occurred, full details of the error can be found in the error report C:\Users\Mallory Anderson\Documents\2024 - 2025\CS 410\Compiler\C_Compiler\.metals\.reports\metals-full\2024-12-18\r_compiler-error_13-11-51-779.md
2024.12.18 13:11:52 INFO  no build target found for C:\Users\Mallory Anderson\Documents\2024 - 2025\CS 410\Compiler\C_Compiler\mainpackage\Compiler.java. Using presentation compiler with project's scala-library version: 3.3.4
2024.12.18 13:11:52 INFO  no build target found for C:\Users\Mallory Anderson\Documents\2024 - 2025\CS 410\Compiler\C_Compiler\mainpackage\Compiler.java. Using presentation compiler with project's scala-library version: 3.3.4
Dec 18, 2024 1:11:52 PM scala.meta.internal.pc.CompilerAccess handleError
SEVERE: A severe compiler error occurred, full details of the error can be found in the error report C:\Users\Mallory Anderson\Documents\2024 - 2025\CS 410\Compiler\C_Compiler\.metals\.reports\metals-full\2024-12-18\r_compiler-error_13-11-52-483.md
2024.12.18 13:11:52 INFO  no build target found for C:\Users\Mallory Anderson\Documents\2024 - 2025\CS 410\Compiler\C_Compiler\mainpackage\Compiler.java. Using presentation compiler with project's scala-library version: 3.3.4
2024.12.18 13:11:52 INFO  no build target found for C:\Users\Mallory Anderson\Documents\2024 - 2025\CS 410\Compiler\C_Compiler\mainpackage\Compiler.java. Using presentation compiler with project's scala-library version: 3.3.4
Dec 18, 2024 1:11:52 PM scala.meta.internal.pc.CompilerAccess handleError
SEVERE: A severe compiler error occurred, full details of the error can be found in the error report C:\Users\Mallory Anderson\Documents\2024 - 2025\CS 410\Compiler\C_Compiler\.metals\.reports\metals-full\2024-12-18\r_compiler-error_13-11-52-777.md
2024.12.18 13:11:52 INFO  no build target found for C:\Users\Mallory Anderson\Documents\2024 - 2025\CS 410\Compiler\C_Compiler\mainpackage\Compiler.java. Using presentation compiler with project's scala-library version: 3.3.4
2024.12.18 13:11:53 INFO  no build target found for C:\Users\Mallory Anderson\Documents\2024 - 2025\CS 410\Compiler\C_Compiler\mainpackage\Compiler.java. Using presentation compiler with project's scala-library version: 3.3.4
2024.12.18 13:11:53 INFO  no build target found for C:\Users\Mallory Anderson\Documents\2024 - 2025\CS 410\Compiler\C_Compiler\mainpackage\Compiler.java. Using presentation compiler with project's scala-library version: 3.3.4
2024.12.18 13:11:53 INFO  no build target found for C:\Users\Mallory Anderson\Documents\2024 - 2025\CS 410\Compiler\C_Compiler\mainpackage\Compiler.java. Using presentation compiler with project's scala-library version: 3.3.4
Dec 18, 2024 1:11:53 PM scala.meta.internal.pc.CompilerAccess handleError
SEVERE: A severe compiler error occurred, full details of the error can be found in the error report C:\Users\Mallory Anderson\Documents\2024 - 2025\CS 410\Compiler\C_Compiler\.metals\.reports\metals-full\2024-12-18\r_compiler-error_13-11-53-838.md
2024.12.18 13:11:53 INFO  no build target found for C:\Users\Mallory Anderson\Documents\2024 - 2025\CS 410\Compiler\C_Compiler\mainpackage\Compiler.java. Using presentation compiler with project's scala-library version: 3.3.4
2024.12.18 13:11:53 INFO  no build target found for C:\Users\Mallory Anderson\Documents\2024 - 2025\CS 410\Compiler\C_Compiler\mainpackage\Compiler.java. Using presentation compiler with project's scala-library version: 3.3.4
2024.12.18 13:11:53 INFO  no build target found for C:\Users\Mallory Anderson\Documents\2024 - 2025\CS 410\Compiler\C_Compiler\mainpackage\Compiler.java. Using presentation compiler with project's scala-library version: 3.3.4
Dec 18, 2024 1:11:54 PM scala.meta.internal.pc.CompilerAccess handleError
SEVERE: A severe compiler error occurred, full details of the error can be found in the error report C:\Users\Mallory Anderson\Documents\2024 - 2025\CS 410\Compiler\C_Compiler\.metals\.reports\metals-full\2024-12-18\r_compiler-error_13-11-54-270.md
2024.12.18 13:11:53 INFO  no build target found for C:\Users\Mallory Anderson\Documents\2024 - 2025\CS 410\Compiler\C_Compiler\mainpackage\Compiler.java. Using presentation compiler with project's scala-library version: 3.3.4
2024.12.18 13:11:54 INFO  no build target found for C:\Users\Mallory Anderson\Documents\2024 - 2025\CS 410\Compiler\C_Compiler\mainpackage\Compiler.java. Using presentation compiler with project's scala-library version: 3.3.4
2024.12.18 13:11:54 INFO  no build target found for C:\Users\Mallory Anderson\Documents\2024 - 2025\CS 410\Compiler\C_Compiler\mainpackage\Compiler.java. Using presentation compiler with project's scala-library version: 3.3.4
2024.12.18 13:11:54 INFO  no build target found for C:\Users\Mallory Anderson\Documents\2024 - 2025\CS 410\Compiler\C_Compiler\mainpackage\Compiler.java. Using presentation compiler with project's scala-library version: 3.3.4
2024.12.18 13:11:55 INFO  no build target found for C:\Users\Mallory Anderson\Documents\2024 - 2025\CS 410\Compiler\C_Compiler\mainpackage\Compiler.java. Using presentation compiler with project's scala-library version: 3.3.4
Dec 18, 2024 1:11:55 PM scala.meta.internal.pc.CompilerAccess handleError
SEVERE: A severe compiler error occurred, full details of the error can be found in the error report C:\Users\Mallory Anderson\Documents\2024 - 2025\CS 410\Compiler\C_Compiler\.metals\.reports\metals-full\2024-12-18\r_compiler-error_13-11-55-108.md
2024.12.18 13:11:54 INFO  no build target found for C:\Users\Mallory Anderson\Documents\2024 - 2025\CS 410\Compiler\C_Compiler\mainpackage\Compiler.java. Using presentation compiler with project's scala-library version: 3.3.4
2024.12.18 13:11:54 INFO  no build target found for C:\Users\Mallory Anderson\Documents\2024 - 2025\CS 410\Compiler\C_Compiler\mainpackage\Compiler.java. Using presentation compiler with project's scala-library version: 3.3.4
2024.12.18 13:11:54 INFO  no build target found for C:\Users\Mallory Anderson\Documents\2024 - 2025\CS 410\Compiler\C_Compiler\mainpackage\Compiler.java. Using presentation compiler with project's scala-library version: 3.3.4
2024.12.18 13:11:55 INFO  no build target found for C:\Users\Mallory Anderson\Documents\2024 - 2025\CS 410\Compiler\C_Compiler\mainpackage\Compiler.java. Using presentation compiler with project's scala-library version: 3.3.4
Dec 18, 2024 1:11:55 PM scala.meta.internal.pc.CompilerAccess handleError
SEVERE: A severe compiler error occurred, full details of the error can be found in the error report C:\Users\Mallory Anderson\Documents\2024 - 2025\CS 410\Compiler\C_Compiler\.metals\.reports\metals-full\2024-12-18\r_compiler-error_13-11-55-593.md
2024.12.18 13:11:55 INFO  no build target found for C:\Users\Mallory Anderson\Documents\2024 - 2025\CS 410\Compiler\C_Compiler\mainpackage\Compiler.java. Using presentation compiler with project's scala-library version: 3.3.4
2024.12.18 13:11:55 INFO  no build target found for C:\Users\Mallory Anderson\Documents\2024 - 2025\CS 410\Compiler\C_Compiler\mainpackage\Compiler.java. Using presentation compiler with project's scala-library version: 3.3.4
2024.12.18 13:11:55 INFO  no build target found for C:\Users\Mallory Anderson\Documents\2024 - 2025\CS 410\Compiler\C_Compiler\mainpackage\Compiler.java. Using presentation compiler with project's scala-library version: 3.3.4
Dec 18, 2024 1:11:56 PM scala.meta.internal.pc.CompilerAccess handleError
SEVERE: A severe compiler error occurred, full details of the error can be found in the error report C:\Users\Mallory Anderson\Documents\2024 - 2025\CS 410\Compiler\C_Compiler\.metals\.reports\metals-full\2024-12-18\r_compiler-error_13-11-56-028.md
2024.12.18 13:11:55 INFO  no build target found for C:\Users\Mallory Anderson\Documents\2024 - 2025\CS 410\Compiler\C_Compiler\mainpackage\Compiler.java. Using presentation compiler with project's scala-library version: 3.3.4
2024.12.18 13:11:55 INFO  no build target found for C:\Users\Mallory Anderson\Documents\2024 - 2025\CS 410\Compiler\C_Compiler\mainpackage\Compiler.java. Using presentation compiler with project's scala-library version: 3.3.4
2024.12.18 13:11:56 INFO  no build target found for C:\Users\Mallory Anderson\Documents\2024 - 2025\CS 410\Compiler\C_Compiler\mainpackage\Compiler.java. Using presentation compiler with project's scala-library version: 3.3.4
2024.12.18 13:11:55 INFO  no build target found for C:\Users\Mallory Anderson\Documents\2024 - 2025\CS 410\Compiler\C_Compiler\mainpackage\Compiler.java. Using presentation compiler with project's scala-library version: 3.3.4
Dec 18, 2024 1:11:56 PM scala.meta.internal.pc.CompilerAccess handleError
SEVERE: A severe compiler error occurred, full details of the error can be found in the error report C:\Users\Mallory Anderson\Documents\2024 - 2025\CS 410\Compiler\C_Compiler\.metals\.reports\metals-full\2024-12-18\r_compiler-error_13-11-56-382.md
2024.12.18 13:11:55 INFO  no build target found for C:\Users\Mallory Anderson\Documents\2024 - 2025\CS 410\Compiler\C_Compiler\mainpackage\Compiler.java. Using presentation compiler with project's scala-library version: 3.3.4
2024.12.18 13:11:55 INFO  no build target found for C:\Users\Mallory Anderson\Documents\2024 - 2025\CS 410\Compiler\C_Compiler\mainpackage\Compiler.java. Using presentation compiler with project's scala-library version: 3.3.4
2024.12.18 13:11:55 INFO  no build target found for C:\Users\Mallory Anderson\Documents\2024 - 2025\CS 410\Compiler\C_Compiler\mainpackage\Compiler.java. Using presentation compiler with project's scala-library version: 3.3.4
2024.12.18 13:11:56 INFO  no build target found for C:\Users\Mallory Anderson\Documents\2024 - 2025\CS 410\Compiler\C_Compiler\mainpackage\Compiler.java. Using presentation compiler with project's scala-library version: 3.3.4
Dec 18, 2024 1:11:56 PM scala.meta.internal.pc.CompilerAccess handleError
SEVERE: A severe compiler error occurred, full details of the error can be found in the error report C:\Users\Mallory Anderson\Documents\2024 - 2025\CS 410\Compiler\C_Compiler\.metals\.reports\metals-full\2024-12-18\r_compiler-error_13-11-56-798.md
Dec 18, 2024 1:11:56 PM scala.meta.internal.pc.CompilerAccess handleError
SEVERE: A severe compiler error occurred, full details of the error can be found in the error report C:\Users\Mallory Anderson\Documents\2024 - 2025\CS 410\Compiler\C_Compiler\.metals\.reports\metals-full\2024-12-18\r_compiler-error_13-11-56-814.md
2024.12.18 13:11:56 INFO  no build target found for C:\Users\Mallory Anderson\Documents\2024 - 2025\CS 410\Compiler\C_Compiler\mainpackage\Compiler.java. Using presentation compiler with project's scala-library version: 3.3.4
2024.12.18 13:11:56 INFO  no build target found for C:\Users\Mallory Anderson\Documents\2024 - 2025\CS 410\Compiler\C_Compiler\mainpackage\Compiler.java. Using presentation compiler with project's scala-library version: 3.3.4
2024.12.18 13:11:56 INFO  no build target found for C:\Users\Mallory Anderson\Documents\2024 - 2025\CS 410\Compiler\C_Compiler\mainpackage\Compiler.java. Using presentation compiler with project's scala-library version: 3.3.4
2024.12.18 13:11:56 INFO  no build target found for C:\Users\Mallory Anderson\Documents\2024 - 2025\CS 410\Compiler\C_Compiler\mainpackage\Compiler.java. Using presentation compiler with project's scala-library version: 3.3.4
2024.12.18 13:11:57 INFO  no build target found for C:\Users\Mallory Anderson\Documents\2024 - 2025\CS 410\Compiler\C_Compiler\mainpackage\Compiler.java. Using presentation compiler with project's scala-library version: 3.3.4
Dec 18, 2024 1:11:57 PM scala.meta.internal.pc.CompilerAccess handleError
SEVERE: A severe compiler error occurred, full details of the error can be found in the error report C:\Users\Mallory Anderson\Documents\2024 - 2025\CS 410\Compiler\C_Compiler\.metals\.reports\metals-full\2024-12-18\r_compiler-error_13-11-57-329.md
2024.12.18 13:11:56 INFO  no build target found for C:\Users\Mallory Anderson\Documents\2024 - 2025\CS 410\Compiler\C_Compiler\mainpackage\Compiler.java. Using presentation compiler with project's scala-library version: 3.3.4
2024.12.18 13:11:56 INFO  no build target found for C:\Users\Mallory Anderson\Documents\2024 - 2025\CS 410\Compiler\C_Compiler\mainpackage\Compiler.java. Using presentation compiler with project's scala-library version: 3.3.4
2024.12.18 13:11:56 INFO  no build target found for C:\Users\Mallory Anderson\Documents\2024 - 2025\CS 410\Compiler\C_Compiler\mainpackage\Compiler.java. Using presentation compiler with project's scala-library version: 3.3.4
2024.12.18 13:11:57 INFO  no build target found for C:\Users\Mallory Anderson\Documents\2024 - 2025\CS 410\Compiler\C_Compiler\mainpackage\Compiler.java. Using presentation compiler with project's scala-library version: 3.3.4
2024.12.18 13:11:56 INFO  no build target found for C:\Users\Mallory Anderson\Documents\2024 - 2025\CS 410\Compiler\C_Compiler\mainpackage\Compiler.java. Using presentation compiler with project's scala-library version: 3.3.4
Dec 18, 2024 1:11:57 PM scala.meta.internal.pc.CompilerAccess handleError
SEVERE: A severe compiler error occurred, full details of the error can be found in the error report C:\Users\Mallory Anderson\Documents\2024 - 2025\CS 410\Compiler\C_Compiler\.metals\.reports\metals-full\2024-12-18\r_compiler-error_13-11-57-895.md
2024.12.18 13:11:58 INFO  no build target found for C:\Users\Mallory Anderson\Documents\2024 - 2025\CS 410\Compiler\C_Compiler\mainpackage\Compiler.java. Using presentation compiler with project's scala-library version: 3.3.4
2024.12.18 13:11:58 INFO  no build target found for C:\Users\Mallory Anderson\Documents\2024 - 2025\CS 410\Compiler\C_Compiler\mainpackage\Compiler.java. Using presentation compiler with project's scala-library version: 3.3.4
Dec 18, 2024 1:11:58 PM scala.meta.internal.pc.CompilerAccess handleError
SEVERE: A severe compiler error occurred, full details of the error can be found in the error report C:\Users\Mallory Anderson\Documents\2024 - 2025\CS 410\Compiler\C_Compiler\.metals\.reports\metals-full\2024-12-18\r_compiler-error_13-11-58-148.md
2024.12.18 13:11:58 INFO  no build target found for C:\Users\Mallory Anderson\Documents\2024 - 2025\CS 410\Compiler\C_Compiler\mainpackage\Compiler.java. Using presentation compiler with project's scala-library version: 3.3.4
2024.12.18 13:11:58 INFO  no build target found for C:\Users\Mallory Anderson\Documents\2024 - 2025\CS 410\Compiler\C_Compiler\mainpackage\Compiler.java. Using presentation compiler with project's scala-library version: 3.3.4
Dec 18, 2024 1:11:58 PM scala.meta.internal.pc.CompilerAccess handleError
SEVERE: A severe compiler error occurred, full details of the error can be found in the error report C:\Users\Mallory Anderson\Documents\2024 - 2025\CS 410\Compiler\C_Compiler\.metals\.reports\metals-full\2024-12-18\r_compiler-error_13-11-58-751.md
2024.12.18 13:11:58 INFO  no build target found for C:\Users\Mallory Anderson\Documents\2024 - 2025\CS 410\Compiler\C_Compiler\mainpackage\Compiler.java. Using presentation compiler with project's scala-library version: 3.3.4
2024.12.18 13:11:58 INFO  no build target found for C:\Users\Mallory Anderson\Documents\2024 - 2025\CS 410\Compiler\C_Compiler\mainpackage\Compiler.java. Using presentation compiler with project's scala-library version: 3.3.4
Dec 18, 2024 1:11:58 PM scala.meta.internal.pc.CompilerAccess handleError
SEVERE: A severe compiler error occurred, full details of the error can be found in the error report C:\Users\Mallory Anderson\Documents\2024 - 2025\CS 410\Compiler\C_Compiler\.metals\.reports\metals-full\2024-12-18\r_compiler-error_13-11-58-946.md
2024.12.18 13:11:59 INFO  no build target found for C:\Users\Mallory Anderson\Documents\2024 - 2025\CS 410\Compiler\C_Compiler\mainpackage\Compiler.java. Using presentation compiler with project's scala-library version: 3.3.4
2024.12.18 13:11:59 INFO  no build target found for C:\Users\Mallory Anderson\Documents\2024 - 2025\CS 410\Compiler\C_Compiler\mainpackage\Compiler.java. Using presentation compiler with project's scala-library version: 3.3.4
2024.12.18 13:11:59 INFO  no build target found for C:\Users\Mallory Anderson\Documents\2024 - 2025\CS 410\Compiler\C_Compiler\mainpackage\Compiler.java. Using presentation compiler with project's scala-library version: 3.3.4
2024.12.18 13:12:00 INFO  no build target found for C:\Users\Mallory Anderson\Documents\2024 - 2025\CS 410\Compiler\C_Compiler\mainpackage\Compiler.java. Using presentation compiler with project's scala-library version: 3.3.4
Dec 18, 2024 1:12:00 PM scala.meta.internal.pc.CompilerAccess handleError
SEVERE: A severe compiler error occurred, full details of the error can be found in the error report C:\Users\Mallory Anderson\Documents\2024 - 2025\CS 410\Compiler\C_Compiler\.metals\.reports\metals-full\2024-12-18\r_compiler-error_13-12-00-115.md
2024.12.18 13:11:59 INFO  no build target found for C:\Users\Mallory Anderson\Documents\2024 - 2025\CS 410\Compiler\C_Compiler\mainpackage\Compiler.java. Using presentation compiler with project's scala-library version: 3.3.4
2024.12.18 13:12:00 INFO  no build target found for C:\Users\Mallory Anderson\Documents\2024 - 2025\CS 410\Compiler\C_Compiler\mainpackage\Compiler.java. Using presentation compiler with project's scala-library version: 3.3.4
2024.12.18 13:12:00 INFO  no build target found for C:\Users\Mallory Anderson\Documents\2024 - 2025\CS 410\Compiler\C_Compiler\mainpackage\Compiler.java. Using presentation compiler with project's scala-library version: 3.3.4
2024.12.18 13:12:00 INFO  no build target found for C:\Users\Mallory Anderson\Documents\2024 - 2025\CS 410\Compiler\C_Compiler\mainpackage\Compiler.java. Using presentation compiler with project's scala-library version: 3.3.4
Dec 18, 2024 1:12:00 PM scala.meta.internal.pc.CompilerAccess handleError
SEVERE: A severe compiler error occurred, full details of the error can be found in the error report C:\Users\Mallory Anderson\Documents\2024 - 2025\CS 410\Compiler\C_Compiler\.metals\.reports\metals-full\2024-12-18\r_compiler-error_13-12-00-513.md
2024.12.18 13:12:00 INFO  no build target found for C:\Users\Mallory Anderson\Documents\2024 - 2025\CS 410\Compiler\C_Compiler\mainpackage\Compiler.java. Using presentation compiler with project's scala-library version: 3.3.4
2024.12.18 13:12:00 INFO  no build target found for C:\Users\Mallory Anderson\Documents\2024 - 2025\CS 410\Compiler\C_Compiler\mainpackage\Compiler.java. Using presentation compiler with project's scala-library version: 3.3.4
2024.12.18 13:12:00 INFO  no build target found for C:\Users\Mallory Anderson\Documents\2024 - 2025\CS 410\Compiler\C_Compiler\mainpackage\Compiler.java. Using presentation compiler with project's scala-library version: 3.3.4
Dec 18, 2024 1:12:01 PM scala.meta.internal.pc.CompilerAccess handleError
SEVERE: A severe compiler error occurred, full details of the error can be found in the error report C:\Users\Mallory Anderson\Documents\2024 - 2025\CS 410\Compiler\C_Compiler\.metals\.reports\metals-full\2024-12-18\r_compiler-error_13-12-00-998.md
2024.12.18 13:12:00 INFO  no build target found for C:\Users\Mallory Anderson\Documents\2024 - 2025\CS 410\Compiler\C_Compiler\mainpackage\Compiler.java. Using presentation compiler with project's scala-library version: 3.3.4
2024.12.18 13:12:00 INFO  no build target found for C:\Users\Mallory Anderson\Documents\2024 - 2025\CS 410\Compiler\C_Compiler\mainpackage\Compiler.java. Using presentation compiler with project's scala-library version: 3.3.4
2024.12.18 13:12:01 INFO  no build target found for C:\Users\Mallory Anderson\Documents\2024 - 2025\CS 410\Compiler\C_Compiler\mainpackage\Compiler.java. Using presentation compiler with project's scala-library version: 3.3.4
Dec 18, 2024 1:12:01 PM scala.meta.internal.pc.CompilerAccess handleError
SEVERE: A severe compiler error occurred, full details of the error can be found in the error report C:\Users\Mallory Anderson\Documents\2024 - 2025\CS 410\Compiler\C_Compiler\.metals\.reports\metals-full\2024-12-18\r_compiler-error_13-12-01-381.md
2024.12.18 13:12:01 INFO  no build target found for C:\Users\Mallory Anderson\Documents\2024 - 2025\CS 410\Compiler\C_Compiler\mainpackage\Compiler.java. Using presentation compiler with project's scala-library version: 3.3.4
2024.12.18 13:12:01 INFO  no build target found for C:\Users\Mallory Anderson\Documents\2024 - 2025\CS 410\Compiler\C_Compiler\mainpackage\Compiler.java. Using presentation compiler with project's scala-library version: 3.3.4
2024.12.18 13:12:01 INFO  no build target found for C:\Users\Mallory Anderson\Documents\2024 - 2025\CS 410\Compiler\C_Compiler\mainpackage\Compiler.java. Using presentation compiler with project's scala-library version: 3.3.4
2024.12.18 13:12:02 INFO  no build target found for C:\Users\Mallory Anderson\Documents\2024 - 2025\CS 410\Compiler\C_Compiler\mainpackage\Compiler.java. Using presentation compiler with project's scala-library version: 3.3.4
Dec 18, 2024 1:12:02 PM scala.meta.internal.pc.CompilerAccess handleError
SEVERE: A severe compiler error occurred, full details of the error can be found in the error report C:\Users\Mallory Anderson\Documents\2024 - 2025\CS 410\Compiler\C_Compiler\.metals\.reports\metals-full\2024-12-18\r_compiler-error_13-12-02-569.md
2024.12.18 13:12:01 INFO  no build target found for C:\Users\Mallory Anderson\Documents\2024 - 2025\CS 410\Compiler\C_Compiler\mainpackage\Compiler.java. Using presentation compiler with project's scala-library version: 3.3.4
2024.12.18 13:12:03 INFO  no build target found for C:\Users\Mallory Anderson\Documents\2024 - 2025\CS 410\Compiler\C_Compiler\mainpackage\Compiler.java. Using presentation compiler with project's scala-library version: 3.3.4
2024.12.18 13:12:03 INFO  no build target found for C:\Users\Mallory Anderson\Documents\2024 - 2025\CS 410\Compiler\C_Compiler\mainpackage\Compiler.java. Using presentation compiler with project's scala-library version: 3.3.4
2024.12.18 13:12:04 INFO  no build target found for C:\Users\Mallory Anderson\Documents\2024 - 2025\CS 410\Compiler\C_Compiler\mainpackage\Compiler.java. Using presentation compiler with project's scala-library version: 3.3.4
2024.12.18 13:12:04 INFO  no build target found for C:\Users\Mallory Anderson\Documents\2024 - 2025\CS 410\Compiler\C_Compiler\mainpackage\Compiler.java. Using presentation compiler with project's scala-library version: 3.3.4
Dec 18, 2024 1:12:04 PM scala.meta.internal.pc.CompilerAccess handleError
SEVERE: A severe compiler error occurred, full details of the error can be found in the error report C:\Users\Mallory Anderson\Documents\2024 - 2025\CS 410\Compiler\C_Compiler\.metals\.reports\metals-full\2024-12-18\r_compiler-error_13-12-04-316.md
2024.12.18 13:12:04 INFO  no build target found for C:\Users\Mallory Anderson\Documents\2024 - 2025\CS 410\Compiler\C_Compiler\mainpackage\Compiler.java. Using presentation compiler with project's scala-library version: 3.3.4
2024.12.18 13:12:04 INFO  no build target found for C:\Users\Mallory Anderson\Documents\2024 - 2025\CS 410\Compiler\C_Compiler\mainpackage\Compiler.java. Using presentation compiler with project's scala-library version: 3.3.4
2024.12.18 13:12:05 INFO  no build target found for C:\Users\Mallory Anderson\Documents\2024 - 2025\CS 410\Compiler\C_Compiler\mainpackage\Compiler.java. Using presentation compiler with project's scala-library version: 3.3.4
2024.12.18 13:12:05 INFO  no build target found for C:\Users\Mallory Anderson\Documents\2024 - 2025\CS 410\Compiler\C_Compiler\mainpackage\Compiler.java. Using presentation compiler with project's scala-library version: 3.3.4
2024.12.18 13:12:05 INFO  no build target found for C:\Users\Mallory Anderson\Documents\2024 - 2025\CS 410\Compiler\C_Compiler\mainpackage\Compiler.java. Using presentation compiler with project's scala-library version: 3.3.4
Dec 18, 2024 1:12:05 PM scala.meta.internal.pc.CompilerAccess handleError
SEVERE: A severe compiler error occurred, full details of the error can be found in the error report C:\Users\Mallory Anderson\Documents\2024 - 2025\CS 410\Compiler\C_Compiler\.metals\.reports\metals-full\2024-12-18\r_compiler-error_13-12-05-722.md
2024.12.18 13:12:05 INFO  no build target found for C:\Users\Mallory Anderson\Documents\2024 - 2025\CS 410\Compiler\C_Compiler\mainpackage\Compiler.java. Using presentation compiler with project's scala-library version: 3.3.4
2024.12.18 13:12:05 INFO  no build target found for C:\Users\Mallory Anderson\Documents\2024 - 2025\CS 410\Compiler\C_Compiler\mainpackage\Compiler.java. Using presentation compiler with project's scala-library version: 3.3.4
2024.12.18 13:12:05 INFO  no build target found for C:\Users\Mallory Anderson\Documents\2024 - 2025\CS 410\Compiler\C_Compiler\mainpackage\Compiler.java. Using presentation compiler with project's scala-library version: 3.3.4
2024.12.18 13:12:06 INFO  no build target found for C:\Users\Mallory Anderson\Documents\2024 - 2025\CS 410\Compiler\C_Compiler\mainpackage\Compiler.java. Using presentation compiler with project's scala-library version: 3.3.4
Dec 18, 2024 1:12:06 PM scala.meta.internal.pc.CompilerAccess handleError
SEVERE: A severe compiler error occurred, full details of the error can be found in the error report C:\Users\Mallory Anderson\Documents\2024 - 2025\CS 410\Compiler\C_Compiler\.metals\.reports\metals-full\2024-12-18\r_compiler-error_13-12-06-260.md
2024.12.18 13:12:06 INFO  no build target found for C:\Users\Mallory Anderson\Documents\2024 - 2025\CS 410\Compiler\C_Compiler\mainpackage\Compiler.java. Using presentation compiler with project's scala-library version: 3.3.4
2024.12.18 13:12:06 INFO  no build target found for C:\Users\Mallory Anderson\Documents\2024 - 2025\CS 410\Compiler\C_Compiler\mainpackage\Compiler.java. Using presentation compiler with project's scala-library version: 3.3.4
2024.12.18 13:12:06 INFO  no build target found for C:\Users\Mallory Anderson\Documents\2024 - 2025\CS 410\Compiler\C_Compiler\mainpackage\Compiler.java. Using presentation compiler with project's scala-library version: 3.3.4
Dec 18, 2024 1:12:06 PM scala.meta.internal.pc.CompilerAccess handleError
SEVERE: A severe compiler error occurred, full details of the error can be found in the error report C:\Users\Mallory Anderson\Documents\2024 - 2025\CS 410\Compiler\C_Compiler\.metals\.reports\metals-full\2024-12-18\r_compiler-error_13-12-06-719.md
2024.12.18 13:12:06 INFO  no build target found for C:\Users\Mallory Anderson\Documents\2024 - 2025\CS 410\Compiler\C_Compiler\mainpackage\Compiler.java. Using presentation compiler with project's scala-library version: 3.3.4
2024.12.18 13:12:06 INFO  no build target found for C:\Users\Mallory Anderson\Documents\2024 - 2025\CS 410\Compiler\C_Compiler\mainpackage\Compiler.java. Using presentation compiler with project's scala-library version: 3.3.4
2024.12.18 13:12:06 INFO  no build target found for C:\Users\Mallory Anderson\Documents\2024 - 2025\CS 410\Compiler\C_Compiler\mainpackage\Compiler.java. Using presentation compiler with project's scala-library version: 3.3.4
Dec 18, 2024 1:12:07 PM scala.meta.internal.pc.CompilerAccess handleError
SEVERE: A severe compiler error occurred, full details of the error can be found in the error report C:\Users\Mallory Anderson\Documents\2024 - 2025\CS 410\Compiler\C_Compiler\.metals\.reports\metals-full\2024-12-18\r_compiler-error_13-12-07-066.md
2024.12.18 13:12:06 INFO  no build target found for C:\Users\Mallory Anderson\Documents\2024 - 2025\CS 410\Compiler\C_Compiler\mainpackage\Compiler.java. Using presentation compiler with project's scala-library version: 3.3.4
2024.12.18 13:12:06 INFO  no build target found for C:\Users\Mallory Anderson\Documents\2024 - 2025\CS 410\Compiler\C_Compiler\mainpackage\Compiler.java. Using presentation compiler with project's scala-library version: 3.3.4
2024.12.18 13:12:06 INFO  no build target found for C:\Users\Mallory Anderson\Documents\2024 - 2025\CS 410\Compiler\C_Compiler\mainpackage\Compiler.java. Using presentation compiler with project's scala-library version: 3.3.4
2024.12.18 13:12:07 INFO  no build target found for C:\Users\Mallory Anderson\Documents\2024 - 2025\CS 410\Compiler\C_Compiler\mainpackage\Compiler.java. Using presentation compiler with project's scala-library version: 3.3.4
Dec 18, 2024 1:12:07 PM scala.meta.internal.pc.CompilerAccess handleError
SEVERE: A severe compiler error occurred, full details of the error can be found in the error report C:\Users\Mallory Anderson\Documents\2024 - 2025\CS 410\Compiler\C_Compiler\.metals\.reports\metals-full\2024-12-18\r_compiler-error_13-12-07-424.md
2024.12.18 13:12:07 INFO  no build target found for C:\Users\Mallory Anderson\Documents\2024 - 2025\CS 410\Compiler\C_Compiler\mainpackage\Compiler.java. Using presentation compiler with project's scala-library version: 3.3.4
2024.12.18 13:12:07 INFO  no build target found for C:\Users\Mallory Anderson\Documents\2024 - 2025\CS 410\Compiler\C_Compiler\mainpackage\Compiler.java. Using presentation compiler with project's scala-library version: 3.3.4
Dec 18, 2024 1:12:08 PM org.eclipse.lsp4j.jsonrpc.RemoteEndpoint handleCancellation
WARNING: Unmatched cancel notification for request id 210
2024.12.18 13:12:07 INFO  no build target found for C:\Users\Mallory Anderson\Documents\2024 - 2025\CS 410\Compiler\C_Compiler\mainpackage\Compiler.java. Using presentation compiler with project's scala-library version: 3.3.4
2024.12.18 13:12:07 INFO  no build target found for C:\Users\Mallory Anderson\Documents\2024 - 2025\CS 410\Compiler\C_Compiler\mainpackage\Compiler.java. Using presentation compiler with project's scala-library version: 3.3.4
2024.12.18 13:12:08 INFO  no build target found for C:\Users\Mallory Anderson\Documents\2024 - 2025\CS 410\Compiler\C_Compiler\mainpackage\Compiler.java. Using presentation compiler with project's scala-library version: 3.3.4
Dec 18, 2024 1:12:08 PM scala.meta.internal.pc.CompilerAccess handleError
SEVERE: A severe compiler error occurred, full details of the error can be found in the error report C:\Users\Mallory Anderson\Documents\2024 - 2025\CS 410\Compiler\C_Compiler\.metals\.reports\metals-full\2024-12-18\r_compiler-error_13-12-08-583.md
2024.12.18 13:12:08 INFO  no build target found for C:\Users\Mallory Anderson\Documents\2024 - 2025\CS 410\Compiler\C_Compiler\mainpackage\Compiler.java. Using presentation compiler with project's scala-library version: 3.3.4
2024.12.18 13:12:08 INFO  no build target found for C:\Users\Mallory Anderson\Documents\2024 - 2025\CS 410\Compiler\C_Compiler\mainpackage\Compiler.java. Using presentation compiler with project's scala-library version: 3.3.4
2024.12.18 13:12:08 INFO  no build target found for C:\Users\Mallory Anderson\Documents\2024 - 2025\CS 410\Compiler\C_Compiler\mainpackage\Compiler.java. Using presentation compiler with project's scala-library version: 3.3.4
2024.12.18 13:12:08 INFO  no build target found for C:\Users\Mallory Anderson\Documents\2024 - 2025\CS 410\Compiler\C_Compiler\mainpackage\Compiler.java. Using presentation compiler with project's scala-library version: 3.3.4
Dec 18, 2024 1:12:08 PM scala.meta.internal.pc.CompilerAccess handleError
SEVERE: A severe compiler error occurred, full details of the error can be found in the error report C:\Users\Mallory Anderson\Documents\2024 - 2025\CS 410\Compiler\C_Compiler\.metals\.reports\metals-full\2024-12-18\r_compiler-error_13-12-08-943.md
2024.12.18 13:12:08 INFO  no build target found for C:\Users\Mallory Anderson\Documents\2024 - 2025\CS 410\Compiler\C_Compiler\mainpackage\Compiler.java. Using presentation compiler with project's scala-library version: 3.3.4
2024.12.18 13:12:08 INFO  no build target found for C:\Users\Mallory Anderson\Documents\2024 - 2025\CS 410\Compiler\C_Compiler\mainpackage\Compiler.java. Using presentation compiler with project's scala-library version: 3.3.4
2024.12.18 13:12:09 INFO  no build target found for C:\Users\Mallory Anderson\Documents\2024 - 2025\CS 410\Compiler\C_Compiler\mainpackage\Compiler.java. Using presentation compiler with project's scala-library version: 3.3.4
Dec 18, 2024 1:12:09 PM scala.meta.internal.pc.CompilerAccess handleError
SEVERE: A severe compiler error occurred, full details of the error can be found in the error report C:\Users\Mallory Anderson\Documents\2024 - 2025\CS 410\Compiler\C_Compiler\.metals\.reports\metals-full\2024-12-18\r_compiler-error_13-12-09-458.md
2024.12.18 13:12:08 INFO  no build target found for C:\Users\Mallory Anderson\Documents\2024 - 2025\CS 410\Compiler\C_Compiler\mainpackage\Compiler.java. Using presentation compiler with project's scala-library version: 3.3.4
2024.12.18 13:12:09 INFO  no build target found for C:\Users\Mallory Anderson\Documents\2024 - 2025\CS 410\Compiler\C_Compiler\mainpackage\Compiler.java. Using presentation compiler with project's scala-library version: 3.3.4
2024.12.18 13:12:09 INFO  no build target found for C:\Users\Mallory Anderson\Documents\2024 - 2025\CS 410\Compiler\C_Compiler\mainpackage\Compiler.java. Using presentation compiler with project's scala-library version: 3.3.4
Dec 18, 2024 1:12:09 PM scala.meta.internal.pc.CompilerAccess handleError
SEVERE: A severe compiler error occurred, full details of the error can be found in the error report C:\Users\Mallory Anderson\Documents\2024 - 2025\CS 410\Compiler\C_Compiler\.metals\.reports\metals-full\2024-12-18\r_compiler-error_13-12-09-827.md
2024.12.18 13:12:09 INFO  no build target found for C:\Users\Mallory Anderson\Documents\2024 - 2025\CS 410\Compiler\C_Compiler\mainpackage\Compiler.java. Using presentation compiler with project's scala-library version: 3.3.4
2024.12.18 13:12:11 INFO  no build target found for C:\Users\Mallory Anderson\Documents\2024 - 2025\CS 410\Compiler\C_Compiler\mainpackage\Compiler.java. Using presentation compiler with project's scala-library version: 3.3.4
2024.12.18 13:12:11 INFO  no build target found for C:\Users\Mallory Anderson\Documents\2024 - 2025\CS 410\Compiler\C_Compiler\mainpackage\Compiler.java. Using presentation compiler with project's scala-library version: 3.3.4
2024.12.18 13:12:12 INFO  no build target found for C:\Users\Mallory Anderson\Documents\2024 - 2025\CS 410\Compiler\C_Compiler\mainpackage\Compiler.java. Using presentation compiler with project's scala-library version: 3.3.4
Dec 18, 2024 1:12:12 PM scala.meta.internal.pc.CompilerAccess handleError
SEVERE: A severe compiler error occurred, full details of the error can be found in the error report C:\Users\Mallory Anderson\Documents\2024 - 2025\CS 410\Compiler\C_Compiler\.metals\.reports\metals-full\2024-12-18\r_compiler-error_13-12-12-239.md
2024.12.18 13:12:11 INFO  no build target found for C:\Users\Mallory Anderson\Documents\2024 - 2025\CS 410\Compiler\C_Compiler\mainpackage\Compiler.java. Using presentation compiler with project's scala-library version: 3.3.4
2024.12.18 13:12:13 INFO  no build target found for C:\Users\Mallory Anderson\Documents\2024 - 2025\CS 410\Compiler\C_Compiler\mainpackage\Compiler.java. Using presentation compiler with project's scala-library version: 3.3.4
2024.12.18 13:12:14 WARN  no build target for: C:\Users\Mallory Anderson\Documents\2024 - 2025\CS 410\Compiler\C_Compiler\mainpackage\Compiler.java
2024.12.18 13:12:14 INFO  no build target found for C:\Users\Mallory Anderson\Documents\2024 - 2025\CS 410\Compiler\C_Compiler\mainpackage\Compiler.java. Using presentation compiler with project's scala-library version: 3.3.4
2024.12.18 13:12:14 WARN  Running javac-semanticdb failed for file:///C:/Users/Mallory%20Anderson/Documents/2024%20-%202025/CS%20410/Compiler/C_Compiler/mainpackage/Compiler.java. Output:

Dec 18, 2024 1:12:14 PM scala.meta.internal.pc.CompilerAccess handleError
SEVERE: A severe compiler error occurred, full details of the error can be found in the error report C:\Users\Mallory Anderson\Documents\2024 - 2025\CS 410\Compiler\C_Compiler\.metals\.reports\metals-full\2024-12-18\r_compiler-error_13-12-14-400.md
2024.12.18 13:12:14 INFO  no build target found for C:\Users\Mallory Anderson\Documents\2024 - 2025\CS 410\Compiler\C_Compiler\mainpackage\Compiler.java. Using presentation compiler with project's scala-library version: 3.3.4
2024.12.18 13:12:15 INFO  no build target found for C:\Users\Mallory Anderson\Documents\2024 - 2025\CS 410\Compiler\C_Compiler\mainpackage\Compiler.java. Using presentation compiler with project's scala-library version: 3.3.4
2024.12.18 13:12:17 INFO  no build target found for C:\Users\Mallory Anderson\Documents\2024 - 2025\CS 410\Compiler\C_Compiler\mainpackage\Compiler.java. Using presentation compiler with project's scala-library version: 3.3.4
2024.12.18 13:12:17 INFO  no build target found for C:\Users\Mallory Anderson\Documents\2024 - 2025\CS 410\Compiler\C_Compiler\mainpackage\Compiler.java. Using presentation compiler with project's scala-library version: 3.3.4
2024.12.18 13:12:19 INFO  no build target found for C:\Users\Mallory Anderson\Documents\2024 - 2025\CS 410\Compiler\C_Compiler\mainpackage\Compiler.java. Using presentation compiler with project's scala-library version: 3.3.4
2024.12.18 13:12:20 INFO  no build target found for C:\Users\Mallory Anderson\Documents\2024 - 2025\CS 410\Compiler\C_Compiler\mainpackage\Compiler.java. Using presentation compiler with project's scala-library version: 3.3.4
2024.12.18 13:12:20 INFO  no build target found for C:\Users\Mallory Anderson\Documents\2024 - 2025\CS 410\Compiler\C_Compiler\mainpackage\Compiler.java. Using presentation compiler with project's scala-library version: 3.3.4
2024.12.18 13:12:22 INFO  no build target found for C:\Users\Mallory Anderson\Documents\2024 - 2025\CS 410\Compiler\C_Compiler\mainpackage\Compiler.java. Using presentation compiler with project's scala-library version: 3.3.4
2024.12.18 13:12:23 INFO  no build target found for C:\Users\Mallory Anderson\Documents\2024 - 2025\CS 410\Compiler\C_Compiler\mainpackage\Compiler.java. Using presentation compiler with project's scala-library version: 3.3.4
2024.12.18 13:12:24 INFO  no build target found for C:\Users\Mallory Anderson\Documents\2024 - 2025\CS 410\Compiler\C_Compiler\mainpackage\Compiler.java. Using presentation compiler with project's scala-library version: 3.3.4
2024.12.18 13:12:41 INFO  no build target found for C:\Users\Mallory Anderson\Documents\2024 - 2025\CS 410\Compiler\C_Compiler\mainpackage\Compiler.java. Using presentation compiler with project's scala-library version: 3.3.4
2024.12.18 13:12:41 INFO  no build target found for C:\Users\Mallory Anderson\Documents\2024 - 2025\CS 410\Compiler\C_Compiler\mainpackage\Compiler.java. Using presentation compiler with project's scala-library version: 3.3.4
Dec 18, 2024 1:12:41 PM scala.meta.internal.pc.CompilerAccess handleError
SEVERE: A severe compiler error occurred, full details of the error can be found in the error report C:\Users\Mallory Anderson\Documents\2024 - 2025\CS 410\Compiler\C_Compiler\.metals\.reports\metals-full\2024-12-18\r_compiler-error_13-12-41-287.md
2024.12.18 13:12:41 INFO  no build target found for C:\Users\Mallory Anderson\Documents\2024 - 2025\CS 410\Compiler\C_Compiler\mainpackage\Compiler.java. Using presentation compiler with project's scala-library version: 3.3.4
Dec 18, 2024 1:12:41 PM org.eclipse.lsp4j.jsonrpc.RemoteEndpoint handleCancellation
WARNING: Unmatched cancel notification for request id 255
2024.12.18 13:12:41 INFO  no build target found for C:\Users\Mallory Anderson\Documents\2024 - 2025\CS 410\Compiler\C_Compiler\mainpackage\Compiler.java. Using presentation compiler with project's scala-library version: 3.3.4
2024.12.18 13:12:41 INFO  no build target found for C:\Users\Mallory Anderson\Documents\2024 - 2025\CS 410\Compiler\C_Compiler\mainpackage\Compiler.java. Using presentation compiler with project's scala-library version: 3.3.4
Dec 18, 2024 1:12:41 PM scala.meta.internal.pc.CompilerAccess handleError
SEVERE: A severe compiler error occurred, full details of the error can be found in the error report C:\Users\Mallory Anderson\Documents\2024 - 2025\CS 410\Compiler\C_Compiler\.metals\.reports\metals-full\2024-12-18\r_compiler-error_13-12-41-537.md
2024.12.18 13:12:41 INFO  no build target found for C:\Users\Mallory Anderson\Documents\2024 - 2025\CS 410\Compiler\C_Compiler\mainpackage\Compiler.java. Using presentation compiler with project's scala-library version: 3.3.4
2024.12.18 13:12:41 INFO  no build target found for C:\Users\Mallory Anderson\Documents\2024 - 2025\CS 410\Compiler\C_Compiler\mainpackage\Compiler.java. Using presentation compiler with project's scala-library version: 3.3.4
2024.12.18 13:12:41 INFO  no build target found for C:\Users\Mallory Anderson\Documents\2024 - 2025\CS 410\Compiler\C_Compiler\mainpackage\Compiler.java. Using presentation compiler with project's scala-library version: 3.3.4
2024.12.18 13:12:41 INFO  no build target found for C:\Users\Mallory Anderson\Documents\2024 - 2025\CS 410\Compiler\C_Compiler\mainpackage\Compiler.java. Using presentation compiler with project's scala-library version: 3.3.4
Dec 18, 2024 1:12:41 PM scala.meta.internal.pc.CompilerAccess handleError
SEVERE: A severe compiler error occurred, full details of the error can be found in the error report C:\Users\Mallory Anderson\Documents\2024 - 2025\CS 410\Compiler\C_Compiler\.metals\.reports\metals-full\2024-12-18\r_compiler-error_13-12-41-913.md
2024.12.18 13:12:42 INFO  no build target found for C:\Users\Mallory Anderson\Documents\2024 - 2025\CS 410\Compiler\C_Compiler\mainpackage\Compiler.java. Using presentation compiler with project's scala-library version: 3.3.4
2024.12.18 13:12:42 INFO  no build target found for C:\Users\Mallory Anderson\Documents\2024 - 2025\CS 410\Compiler\C_Compiler\mainpackage\Compiler.java. Using presentation compiler with project's scala-library version: 3.3.4
2024.12.18 13:12:42 INFO  no build target found for C:\Users\Mallory Anderson\Documents\2024 - 2025\CS 410\Compiler\C_Compiler\mainpackage\Compiler.java. Using presentation compiler with project's scala-library version: 3.3.4
2024.12.18 13:12:43 INFO  no build target found for C:\Users\Mallory Anderson\Documents\2024 - 2025\CS 410\Compiler\C_Compiler\mainpackage\Compiler.java. Using presentation compiler with project's scala-library version: 3.3.4
2024.12.18 13:12:43 INFO  no build target found for C:\Users\Mallory Anderson\Documents\2024 - 2025\CS 410\Compiler\C_Compiler\mainpackage\Compiler.java. Using presentation compiler with project's scala-library version: 3.3.4
Dec 18, 2024 1:12:43 PM scala.meta.internal.pc.CompilerAccess handleError
SEVERE: A severe compiler error occurred, full details of the error can be found in the error report C:\Users\Mallory Anderson\Documents\2024 - 2025\CS 410\Compiler\C_Compiler\.metals\.reports\metals-full\2024-12-18\r_compiler-error_13-12-43-559.md
2024.12.18 13:12:43 INFO  no build target found for C:\Users\Mallory Anderson\Documents\2024 - 2025\CS 410\Compiler\C_Compiler\mainpackage\Compiler.java. Using presentation compiler with project's scala-library version: 3.3.4
2024.12.18 13:12:44 INFO  no build target found for C:\Users\Mallory Anderson\Documents\2024 - 2025\CS 410\Compiler\C_Compiler\mainpackage\Compiler.java. Using presentation compiler with project's scala-library version: 3.3.4
2024.12.18 13:12:46 INFO  no build target found for C:\Users\Mallory Anderson\Documents\2024 - 2025\CS 410\Compiler\C_Compiler\mainpackage\Compiler.java. Using presentation compiler with project's scala-library version: 3.3.4
2024.12.18 13:12:46 INFO  no build target found for C:\Users\Mallory Anderson\Documents\2024 - 2025\CS 410\Compiler\C_Compiler\mainpackage\Compiler.java. Using presentation compiler with project's scala-library version: 3.3.4
2024.12.18 13:12:48 INFO  no build target found for C:\Users\Mallory Anderson\Documents\2024 - 2025\CS 410\Compiler\C_Compiler\mainpackage\Compiler.java. Using presentation compiler with project's scala-library version: 3.3.4
2024.12.18 13:12:49 INFO  no build target found for C:\Users\Mallory Anderson\Documents\2024 - 2025\CS 410\Compiler\C_Compiler\mainpackage\Compiler.java. Using presentation compiler with project's scala-library version: 3.3.4
2024.12.18 13:12:49 INFO  no build target found for C:\Users\Mallory Anderson\Documents\2024 - 2025\CS 410\Compiler\C_Compiler\mainpackage\Compiler.java. Using presentation compiler with project's scala-library version: 3.3.4
2024.12.18 13:12:51 INFO  no build target found for C:\Users\Mallory Anderson\Documents\2024 - 2025\CS 410\Compiler\C_Compiler\mainpackage\Compiler.java. Using presentation compiler with project's scala-library version: 3.3.4
2024.12.18 13:12:52 INFO  no build target found for C:\Users\Mallory Anderson\Documents\2024 - 2025\CS 410\Compiler\C_Compiler\mainpackage\Compiler.java. Using presentation compiler with project's scala-library version: 3.3.4
2024.12.18 13:12:52 INFO  no build target found for C:\Users\Mallory Anderson\Documents\2024 - 2025\CS 410\Compiler\C_Compiler\mainpackage\Compiler.java. Using presentation compiler with project's scala-library version: 3.3.4
2024.12.18 13:12:54 INFO  no build target found for C:\Users\Mallory Anderson\Documents\2024 - 2025\CS 410\Compiler\C_Compiler\mainpackage\Compiler.java. Using presentation compiler with project's scala-library version: 3.3.4
2024.12.18 13:12:55 INFO  no build target found for C:\Users\Mallory Anderson\Documents\2024 - 2025\CS 410\Compiler\C_Compiler\mainpackage\Compiler.java. Using presentation compiler with project's scala-library version: 3.3.4
2024.12.18 13:12:56 INFO  no build target found for C:\Users\Mallory Anderson\Documents\2024 - 2025\CS 410\Compiler\C_Compiler\mainpackage\Compiler.java. Using presentation compiler with project's scala-library version: 3.3.4
2024.12.18 13:12:56 INFO  no build target found for C:\Users\Mallory Anderson\Documents\2024 - 2025\CS 410\Compiler\C_Compiler\mainpackage\Compiler.java. Using presentation compiler with project's scala-library version: 3.3.4
2024.12.18 13:12:57 INFO  no build target found for C:\Users\Mallory Anderson\Documents\2024 - 2025\CS 410\Compiler\C_Compiler\mainpackage\Compiler.java. Using presentation compiler with project's scala-library version: 3.3.4
2024.12.18 13:12:57 INFO  no build target found for C:\Users\Mallory Anderson\Documents\2024 - 2025\CS 410\Compiler\C_Compiler\mainpackage\Compiler.java. Using presentation compiler with project's scala-library version: 3.3.4
2024.12.18 13:12:59 INFO  no build target found for C:\Users\Mallory Anderson\Documents\2024 - 2025\CS 410\Compiler\C_Compiler\mainpackage\Compiler.java. Using presentation compiler with project's scala-library version: 3.3.4
2024.12.18 13:12:59 INFO  no build target found for C:\Users\Mallory Anderson\Documents\2024 - 2025\CS 410\Compiler\C_Compiler\mainpackage\Compiler.java. Using presentation compiler with project's scala-library version: 3.3.4
2024.12.18 13:13:00 INFO  no build target found for C:\Users\Mallory Anderson\Documents\2024 - 2025\CS 410\Compiler\C_Compiler\mainpackage\Compiler.java. Using presentation compiler with project's scala-library version: 3.3.4
2024.12.18 13:13:00 INFO  no build target found for C:\Users\Mallory Anderson\Documents\2024 - 2025\CS 410\Compiler\C_Compiler\mainpackage\Compiler.java. Using presentation compiler with project's scala-library version: 3.3.4
2024.12.18 13:13:02 INFO  no build target found for C:\Users\Mallory Anderson\Documents\2024 - 2025\CS 410\Compiler\C_Compiler\mainpackage\Compiler.java. Using presentation compiler with project's scala-library version: 3.3.4
2024.12.18 13:13:02 INFO  no build target found for C:\Users\Mallory Anderson\Documents\2024 - 2025\CS 410\Compiler\C_Compiler\mainpackage\Compiler.java. Using presentation compiler with project's scala-library version: 3.3.4
2024.12.18 13:13:03 INFO  no build target found for C:\Users\Mallory Anderson\Documents\2024 - 2025\CS 410\Compiler\C_Compiler\mainpackage\Compiler.java. Using presentation compiler with project's scala-library version: 3.3.4
2024.12.18 13:13:03 INFO  no build target found for C:\Users\Mallory Anderson\Documents\2024 - 2025\CS 410\Compiler\C_Compiler\mainpackage\Compiler.java. Using presentation compiler with project's scala-library version: 3.3.4
2024.12.18 13:13:05 INFO  no build target found for C:\Users\Mallory Anderson\Documents\2024 - 2025\CS 410\Compiler\C_Compiler\mainpackage\Compiler.java. Using presentation compiler with project's scala-library version: 3.3.4
2024.12.18 13:13:05 INFO  no build target found for C:\Users\Mallory Anderson\Documents\2024 - 2025\CS 410\Compiler\C_Compiler\mainpackage\Compiler.java. Using presentation compiler with project's scala-library version: 3.3.4
2024.12.18 13:13:06 INFO  no build target found for C:\Users\Mallory Anderson\Documents\2024 - 2025\CS 410\Compiler\C_Compiler\mainpackage\Compiler.java. Using presentation compiler with project's scala-library version: 3.3.4
2024.12.18 13:13:07 INFO  no build target found for C:\Users\Mallory Anderson\Documents\2024 - 2025\CS 410\Compiler\C_Compiler\mainpackage\Compiler.java. Using presentation compiler with project's scala-library version: 3.3.4
2024.12.18 13:13:08 INFO  no build target found for C:\Users\Mallory Anderson\Documents\2024 - 2025\CS 410\Compiler\C_Compiler\mainpackage\Compiler.java. Using presentation compiler with project's scala-library version: 3.3.4
2024.12.18 13:13:08 INFO  no build target found for C:\Users\Mallory Anderson\Documents\2024 - 2025\CS 410\Compiler\C_Compiler\mainpackage\Compiler.java. Using presentation compiler with project's scala-library version: 3.3.4
2024.12.18 13:13:10 INFO  no build target found for C:\Users\Mallory Anderson\Documents\2024 - 2025\CS 410\Compiler\C_Compiler\mainpackage\Compiler.java. Using presentation compiler with project's scala-library version: 3.3.4
2024.12.18 13:13:10 INFO  no build target found for C:\Users\Mallory Anderson\Documents\2024 - 2025\CS 410\Compiler\C_Compiler\mainpackage\Compiler.java. Using presentation compiler with project's scala-library version: 3.3.4
2024.12.18 13:13:11 INFO  no build target found for C:\Users\Mallory Anderson\Documents\2024 - 2025\CS 410\Compiler\C_Compiler\mainpackage\Compiler.java. Using presentation compiler with project's scala-library version: 3.3.4
2024.12.18 13:13:13 INFO  no build target found for C:\Users\Mallory Anderson\Documents\2024 - 2025\CS 410\Compiler\C_Compiler\mainpackage\Compiler.java. Using presentation compiler with project's scala-library version: 3.3.4
2024.12.18 13:13:14 INFO  no build target found for C:\Users\Mallory Anderson\Documents\2024 - 2025\CS 410\Compiler\C_Compiler\mainpackage\Compiler.java. Using presentation compiler with project's scala-library version: 3.3.4
2024.12.18 13:13:14 INFO  no build target found for C:\Users\Mallory Anderson\Documents\2024 - 2025\CS 410\Compiler\C_Compiler\mainpackage\Compiler.java. Using presentation compiler with project's scala-library version: 3.3.4
2024.12.18 13:13:16 INFO  no build target found for C:\Users\Mallory Anderson\Documents\2024 - 2025\CS 410\Compiler\C_Compiler\mainpackage\Compiler.java. Using presentation compiler with project's scala-library version: 3.3.4
2024.12.18 13:13:16 INFO  no build target found for C:\Users\Mallory Anderson\Documents\2024 - 2025\CS 410\Compiler\C_Compiler\mainpackage\Compiler.java. Using presentation compiler with project's scala-library version: 3.3.4
2024.12.18 13:13:18 INFO  no build target found for C:\Users\Mallory Anderson\Documents\2024 - 2025\CS 410\Compiler\C_Compiler\mainpackage\Compiler.java. Using presentation compiler with project's scala-library version: 3.3.4
2024.12.18 13:13:18 INFO  no build target found for C:\Users\Mallory Anderson\Documents\2024 - 2025\CS 410\Compiler\C_Compiler\mainpackage\Compiler.java. Using presentation compiler with project's scala-library version: 3.3.4
2024.12.18 13:13:19 INFO  no build target found for C:\Users\Mallory Anderson\Documents\2024 - 2025\CS 410\Compiler\C_Compiler\mainpackage\Compiler.java. Using presentation compiler with project's scala-library version: 3.3.4
2024.12.18 13:13:19 INFO  no build target found for C:\Users\Mallory Anderson\Documents\2024 - 2025\CS 410\Compiler\C_Compiler\mainpackage\Compiler.java. Using presentation compiler with project's scala-library version: 3.3.4
2024.12.18 13:13:21 INFO  no build target found for C:\Users\Mallory Anderson\Documents\2024 - 2025\CS 410\Compiler\C_Compiler\mainpackage\Compiler.java. Using presentation compiler with project's scala-library version: 3.3.4
2024.12.18 13:13:22 INFO  no build target found for C:\Users\Mallory Anderson\Documents\2024 - 2025\CS 410\Compiler\C_Compiler\mainpackage\Compiler.java. Using presentation compiler with project's scala-library version: 3.3.4
2024.12.18 13:13:23 INFO  no build target found for C:\Users\Mallory Anderson\Documents\2024 - 2025\CS 410\Compiler\C_Compiler\mainpackage\Compiler.java. Using presentation compiler with project's scala-library version: 3.3.4
2024.12.18 13:13:24 INFO  no build target found for C:\Users\Mallory Anderson\Documents\2024 - 2025\CS 410\Compiler\C_Compiler\mainpackage\Compiler.java. Using presentation compiler with project's scala-library version: 3.3.4
2024.12.18 13:13:26 INFO  no build target found for C:\Users\Mallory Anderson\Documents\2024 - 2025\CS 410\Compiler\C_Compiler\mainpackage\Compiler.java. Using presentation compiler with project's scala-library version: 3.3.4
2024.12.18 13:13:26 INFO  no build target found for C:\Users\Mallory Anderson\Documents\2024 - 2025\CS 410\Compiler\C_Compiler\mainpackage\Compiler.java. Using presentation compiler with project's scala-library version: 3.3.4
2024.12.18 13:13:27 WARN  no build target for: C:\Users\Mallory Anderson\Documents\2024 - 2025\CS 410\Compiler\C_Compiler\mainpackage\Compiler.java
2024.12.18 13:13:27 INFO  no build target found for C:\Users\Mallory Anderson\Documents\2024 - 2025\CS 410\Compiler\C_Compiler\mainpackage\Compiler.java. Using presentation compiler with project's scala-library version: 3.3.4
Dec 18, 2024 1:13:27 PM scala.meta.internal.pc.CompilerAccess handleError
SEVERE: A severe compiler error occurred, full details of the error can be found in the error report C:\Users\Mallory Anderson\Documents\2024 - 2025\CS 410\Compiler\C_Compiler\.metals\.reports\metals-full\2024-12-18\r_compiler-error_13-13-27-135.md
2024.12.18 13:13:27 INFO  no build target found for C:\Users\Mallory Anderson\Documents\2024 - 2025\CS 410\Compiler\C_Compiler\mainpackage\Compiler.java. Using presentation compiler with project's scala-library version: 3.3.4
2024.12.18 13:13:27 INFO  no build target found for C:\Users\Mallory Anderson\Documents\2024 - 2025\CS 410\Compiler\C_Compiler\mainpackage\Compiler.java. Using presentation compiler with project's scala-library version: 3.3.4
2024.12.18 13:13:29 INFO  no build target found for C:\Users\Mallory Anderson\Documents\2024 - 2025\CS 410\Compiler\C_Compiler\mainpackage\Compiler.java. Using presentation compiler with project's scala-library version: 3.3.4
2024.12.18 13:13:29 INFO  no build target found for C:\Users\Mallory Anderson\Documents\2024 - 2025\CS 410\Compiler\C_Compiler\mainpackage\Compiler.java. Using presentation compiler with project's scala-library version: 3.3.4
2024.12.18 13:13:30 INFO  no build target found for C:\Users\Mallory Anderson\Documents\2024 - 2025\CS 410\Compiler\C_Compiler\mainpackage\Compiler.java. Using presentation compiler with project's scala-library version: 3.3.4
2024.12.18 13:13:30 INFO  no build target found for C:\Users\Mallory Anderson\Documents\2024 - 2025\CS 410\Compiler\C_Compiler\mainpackage\Compiler.java. Using presentation compiler with project's scala-library version: 3.3.4
2024.12.18 13:13:32 INFO  no build target found for C:\Users\Mallory Anderson\Documents\2024 - 2025\CS 410\Compiler\C_Compiler\mainpackage\Compiler.java. Using presentation compiler with project's scala-library version: 3.3.4
2024.12.18 13:13:32 INFO  no build target found for C:\Users\Mallory Anderson\Documents\2024 - 2025\CS 410\Compiler\C_Compiler\mainpackage\Compiler.java. Using presentation compiler with project's scala-library version: 3.3.4
2024.12.18 13:13:33 INFO  no build target found for C:\Users\Mallory Anderson\Documents\2024 - 2025\CS 410\Compiler\C_Compiler\mainpackage\Compiler.java. Using presentation compiler with project's scala-library version: 3.3.4
2024.12.18 13:13:33 INFO  no build target found for C:\Users\Mallory Anderson\Documents\2024 - 2025\CS 410\Compiler\C_Compiler\mainpackage\Compiler.java. Using presentation compiler with project's scala-library version: 3.3.4
2024.12.18 13:13:36 INFO  no build target found for C:\Users\Mallory Anderson\Documents\2024 - 2025\CS 410\Compiler\C_Compiler\mainpackage\Compiler.java. Using presentation compiler with project's scala-library version: 3.3.4
2024.12.18 13:13:37 INFO  no build target found for C:\Users\Mallory Anderson\Documents\2024 - 2025\CS 410\Compiler\C_Compiler\mainpackage\Compiler.java. Using presentation compiler with project's scala-library version: 3.3.4
2024.12.18 13:13:37 INFO  no build target found for C:\Users\Mallory Anderson\Documents\2024 - 2025\CS 410\Compiler\C_Compiler\mainpackage\Compiler.java. Using presentation compiler with project's scala-library version: 3.3.4
Dec 18, 2024 1:13:38 PM scala.meta.internal.pc.CompilerAccess handleError
SEVERE: A severe compiler error occurred, full details of the error can be found in the error report C:\Users\Mallory Anderson\Documents\2024 - 2025\CS 410\Compiler\C_Compiler\.metals\.reports\metals-full\2024-12-18\r_compiler-error_13-13-38-417.md
2024.12.18 13:13:39 INFO  no build target found for C:\Users\Mallory Anderson\Documents\2024 - 2025\CS 410\Compiler\C_Compiler\mainpackage\Compiler.java. Using presentation compiler with project's scala-library version: 3.3.4
2024.12.18 13:13:41 INFO  no build target found for C:\Users\Mallory Anderson\Documents\2024 - 2025\CS 410\Compiler\C_Compiler\mainpackage\Compiler.java. Using presentation compiler with project's scala-library version: 3.3.4
2024.12.18 13:13:41 INFO  no build target found for C:\Users\Mallory Anderson\Documents\2024 - 2025\CS 410\Compiler\C_Compiler\mainpackage\Compiler.java. Using presentation compiler with project's scala-library version: 3.3.4
2024.12.18 13:13:50 INFO  no build target found for C:\Users\Mallory Anderson\Documents\2024 - 2025\CS 410\Compiler\C_Compiler\mainpackage\Compiler.java. Using presentation compiler with project's scala-library version: 3.3.4
2024.12.18 13:13:51 INFO  no build target found for C:\Users\Mallory Anderson\Documents\2024 - 2025\CS 410\Compiler\C_Compiler\mainpackage\Compiler.java. Using presentation compiler with project's scala-library version: 3.3.4
2024.12.18 13:14:00 INFO  no build target found for C:\Users\Mallory Anderson\Documents\2024 - 2025\CS 410\Compiler\C_Compiler\mainpackage\Compiler.java. Using presentation compiler with project's scala-library version: 3.3.4
2024.12.18 13:14:01 INFO  no build target found for C:\Users\Mallory Anderson\Documents\2024 - 2025\CS 410\Compiler\C_Compiler\mainpackage\Compiler.java. Using presentation compiler with project's scala-library version: 3.3.4
2024.12.18 13:14:10 INFO  no build target found for C:\Users\Mallory Anderson\Documents\2024 - 2025\CS 410\Compiler\C_Compiler\mainpackage\Compiler.java. Using presentation compiler with project's scala-library version: 3.3.4
2024.12.18 13:14:10 INFO  no build target found for C:\Users\Mallory Anderson\Documents\2024 - 2025\CS 410\Compiler\C_Compiler\mainpackage\Compiler.java. Using presentation compiler with project's scala-library version: 3.3.4
2024.12.18 13:14:20 INFO  no build target found for C:\Users\Mallory Anderson\Documents\2024 - 2025\CS 410\Compiler\C_Compiler\mainpackage\Compiler.java. Using presentation compiler with project's scala-library version: 3.3.4
2024.12.18 13:14:22 INFO  no build target found for C:\Users\Mallory Anderson\Documents\2024 - 2025\CS 410\Compiler\C_Compiler\mainpackage\Compiler.java. Using presentation compiler with project's scala-library version: 3.3.4
2024.12.18 13:14:30 INFO  no build target found for C:\Users\Mallory Anderson\Documents\2024 - 2025\CS 410\Compiler\C_Compiler\mainpackage\Compiler.java. Using presentation compiler with project's scala-library version: 3.3.4
2024.12.18 13:14:32 INFO  no build target found for C:\Users\Mallory Anderson\Documents\2024 - 2025\CS 410\Compiler\C_Compiler\mainpackage\Compiler.java. Using presentation compiler with project's scala-library version: 3.3.4
2024.12.18 13:14:40 INFO  no build target found for C:\Users\Mallory Anderson\Documents\2024 - 2025\CS 410\Compiler\C_Compiler\mainpackage\Compiler.java. Using presentation compiler with project's scala-library version: 3.3.4
2024.12.18 13:14:41 INFO  no build target found for C:\Users\Mallory Anderson\Documents\2024 - 2025\CS 410\Compiler\C_Compiler\mainpackage\Compiler.java. Using presentation compiler with project's scala-library version: 3.3.4
2024.12.18 13:14:50 INFO  no build target found for C:\Users\Mallory Anderson\Documents\2024 - 2025\CS 410\Compiler\C_Compiler\mainpackage\Compiler.java. Using presentation compiler with project's scala-library version: 3.3.4
2024.12.18 13:14:51 INFO  no build target found for C:\Users\Mallory Anderson\Documents\2024 - 2025\CS 410\Compiler\C_Compiler\mainpackage\Compiler.java. Using presentation compiler with project's scala-library version: 3.3.4
2024.12.18 13:14:57 INFO  no build target found for C:\Users\Mallory Anderson\Documents\2024 - 2025\CS 410\Compiler\C_Compiler\mainpackage\Compiler.java. Using presentation compiler with project's scala-library version: 3.3.4
Dec 18, 2024 1:14:57 PM scala.meta.internal.pc.CompilerAccess handleError
SEVERE: A severe compiler error occurred, full details of the error can be found in the error report C:\Users\Mallory Anderson\Documents\2024 - 2025\CS 410\Compiler\C_Compiler\.metals\.reports\metals-full\2024-12-18\r_compiler-error_13-14-57-164.md
2024.12.18 13:15:00 INFO  no build target found for C:\Users\Mallory Anderson\Documents\2024 - 2025\CS 410\Compiler\C_Compiler\mainpackage\Compiler.java. Using presentation compiler with project's scala-library version: 3.3.4
2024.12.18 13:15:01 INFO  no build target found for C:\Users\Mallory Anderson\Documents\2024 - 2025\CS 410\Compiler\C_Compiler\mainpackage\Compiler.java. Using presentation compiler with project's scala-library version: 3.3.4
2024.12.18 13:15:10 INFO  no build target found for C:\Users\Mallory Anderson\Documents\2024 - 2025\CS 410\Compiler\C_Compiler\mainpackage\Compiler.java. Using presentation compiler with project's scala-library version: 3.3.4
2024.12.18 13:15:12 INFO  no build target found for C:\Users\Mallory Anderson\Documents\2024 - 2025\CS 410\Compiler\C_Compiler\mainpackage\Compiler.java. Using presentation compiler with project's scala-library version: 3.3.4
2024.12.18 13:15:21 INFO  no build target found for C:\Users\Mallory Anderson\Documents\2024 - 2025\CS 410\Compiler\C_Compiler\mainpackage\Compiler.java. Using presentation compiler with project's scala-library version: 3.3.4
2024.12.18 13:15:22 INFO  no build target found for C:\Users\Mallory Anderson\Documents\2024 - 2025\CS 410\Compiler\C_Compiler\mainpackage\Compiler.java. Using presentation compiler with project's scala-library version: 3.3.4
2024.12.18 13:15:30 INFO  no build target found for C:\Users\Mallory Anderson\Documents\2024 - 2025\CS 410\Compiler\C_Compiler\mainpackage\Compiler.java. Using presentation compiler with project's scala-library version: 3.3.4
2024.12.18 13:15:32 INFO  no build target found for C:\Users\Mallory Anderson\Documents\2024 - 2025\CS 410\Compiler\C_Compiler\mainpackage\Compiler.java. Using presentation compiler with project's scala-library version: 3.3.4
2024.12.18 13:15:41 INFO  no build target found for C:\Users\Mallory Anderson\Documents\2024 - 2025\CS 410\Compiler\C_Compiler\mainpackage\Compiler.java. Using presentation compiler with project's scala-library version: 3.3.4
2024.12.18 13:15:41 INFO  no build target found for C:\Users\Mallory Anderson\Documents\2024 - 2025\CS 410\Compiler\C_Compiler\mainpackage\Compiler.java. Using presentation compiler with project's scala-library version: 3.3.4
2024.12.18 13:15:51 INFO  no build target found for C:\Users\Mallory Anderson\Documents\2024 - 2025\CS 410\Compiler\C_Compiler\mainpackage\Compiler.java. Using presentation compiler with project's scala-library version: 3.3.4
2024.12.18 13:15:52 INFO  no build target found for C:\Users\Mallory Anderson\Documents\2024 - 2025\CS 410\Compiler\C_Compiler\mainpackage\Compiler.java. Using presentation compiler with project's scala-library version: 3.3.4
2024.12.18 13:16:01 INFO  no build target found for C:\Users\Mallory Anderson\Documents\2024 - 2025\CS 410\Compiler\C_Compiler\mainpackage\Compiler.java. Using presentation compiler with project's scala-library version: 3.3.4
2024.12.18 13:16:02 INFO  no build target found for C:\Users\Mallory Anderson\Documents\2024 - 2025\CS 410\Compiler\C_Compiler\mainpackage\Compiler.java. Using presentation compiler with project's scala-library version: 3.3.4
2024.12.18 13:16:11 INFO  no build target found for C:\Users\Mallory Anderson\Documents\2024 - 2025\CS 410\Compiler\C_Compiler\mainpackage\Compiler.java. Using presentation compiler with project's scala-library version: 3.3.4
2024.12.18 13:16:12 INFO  no build target found for C:\Users\Mallory Anderson\Documents\2024 - 2025\CS 410\Compiler\C_Compiler\mainpackage\Compiler.java. Using presentation compiler with project's scala-library version: 3.3.4
2024.12.18 13:16:21 INFO  no build target found for C:\Users\Mallory Anderson\Documents\2024 - 2025\CS 410\Compiler\C_Compiler\mainpackage\Compiler.java. Using presentation compiler with project's scala-library version: 3.3.4
2024.12.18 13:16:22 INFO  no build target found for C:\Users\Mallory Anderson\Documents\2024 - 2025\CS 410\Compiler\C_Compiler\mainpackage\Compiler.java. Using presentation compiler with project's scala-library version: 3.3.4
2024.12.18 13:16:31 INFO  no build target found for C:\Users\Mallory Anderson\Documents\2024 - 2025\CS 410\Compiler\C_Compiler\mainpackage\Compiler.java. Using presentation compiler with project's scala-library version: 3.3.4
2024.12.18 13:16:32 INFO  no build target found for C:\Users\Mallory Anderson\Documents\2024 - 2025\CS 410\Compiler\C_Compiler\mainpackage\Compiler.java. Using presentation compiler with project's scala-library version: 3.3.4
2024.12.18 13:16:35 INFO  no build target found for C:\Users\Mallory Anderson\Documents\2024 - 2025\CS 410\Compiler\C_Compiler\mainpackage\Compiler.java. Using presentation compiler with project's scala-library version: 3.3.4
Dec 18, 2024 1:16:35 PM scala.meta.internal.pc.CompilerAccess handleError
SEVERE: A severe compiler error occurred, full details of the error can be found in the error report C:\Users\Mallory Anderson\Documents\2024 - 2025\CS 410\Compiler\C_Compiler\.metals\.reports\metals-full\2024-12-18\r_compiler-error_13-16-35-314.md
2024.12.18 13:16:38 INFO  no build target found for C:\Users\Mallory Anderson\Documents\2024 - 2025\CS 410\Compiler\C_Compiler\mainpackage\Compiler.java. Using presentation compiler with project's scala-library version: 3.3.4
2024.12.18 13:16:38 INFO  no build target found for C:\Users\Mallory Anderson\Documents\2024 - 2025\CS 410\Compiler\C_Compiler\mainpackage\Compiler.java. Using presentation compiler with project's scala-library version: 3.3.4
2024.12.18 14:17:42 INFO  no build target found for C:\Users\Mallory Anderson\Documents\2024 - 2025\CS 410\Compiler\C_Compiler\mainpackage\Compiler.java. Using presentation compiler with project's scala-library version: 3.3.4
2024.12.18 14:17:43 INFO  no build target found for C:\Users\Mallory Anderson\Documents\2024 - 2025\CS 410\Compiler\C_Compiler\mainpackage\Compiler.java. Using presentation compiler with project's scala-library version: 3.3.4
2024.12.18 14:41:18 INFO  no build target found for C:\Users\Mallory Anderson\Documents\2024 - 2025\CS 410\Compiler\C_Compiler\mainpackage\Compiler.java. Using presentation compiler with project's scala-library version: 3.3.4
Dec 18, 2024 2:41:18 PM scala.meta.internal.pc.CompilerAccess handleError
SEVERE: A severe compiler error occurred, full details of the error can be found in the error report C:\Users\Mallory Anderson\Documents\2024 - 2025\CS 410\Compiler\C_Compiler\.metals\.reports\metals-full\2024-12-18\r_compiler-error_14-41-18-196.md
2024.12.18 14:41:21 INFO  no build target found for C:\Users\Mallory Anderson\Documents\2024 - 2025\CS 410\Compiler\C_Compiler\mainpackage\Compiler.java. Using presentation compiler with project's scala-library version: 3.3.4
2024.12.18 14:41:21 INFO  no build target found for C:\Users\Mallory Anderson\Documents\2024 - 2025\CS 410\Compiler\C_Compiler\mainpackage\Compiler.java. Using presentation compiler with project's scala-library version: 3.3.4
2024.12.18 14:41:26 INFO  no build target found for C:\Users\Mallory Anderson\Documents\2024 - 2025\CS 410\Compiler\C_Compiler\mainpackage\Compiler.java. Using presentation compiler with project's scala-library version: 3.3.4
Dec 18, 2024 2:41:26 PM scala.meta.internal.pc.CompilerAccess handleError
SEVERE: A severe compiler error occurred, full details of the error can be found in the error report C:\Users\Mallory Anderson\Documents\2024 - 2025\CS 410\Compiler\C_Compiler\.metals\.reports\metals-full\2024-12-18\r_compiler-error_14-41-26-754.md
2024.12.18 14:41:30 INFO  no build target found for C:\Users\Mallory Anderson\Documents\2024 - 2025\CS 410\Compiler\C_Compiler\mainpackage\Compiler.java. Using presentation compiler with project's scala-library version: 3.3.4
2024.12.18 14:41:31 INFO  no build target found for C:\Users\Mallory Anderson\Documents\2024 - 2025\CS 410\Compiler\C_Compiler\mainpackage\Compiler.java. Using presentation compiler with project's scala-library version: 3.3.4
2024.12.18 14:41:39 INFO  no build target found for C:\Users\Mallory Anderson\Documents\2024 - 2025\CS 410\Compiler\C_Compiler\mainpackage\Compiler.java. Using presentation compiler with project's scala-library version: 3.3.4
2024.12.18 14:41:39 INFO  no build target found for C:\Users\Mallory Anderson\Documents\2024 - 2025\CS 410\Compiler\C_Compiler\mainpackage\Compiler.java. Using presentation compiler with project's scala-library version: 3.3.4
2024.12.18 14:41:42 INFO  no build target found for C:\Users\Mallory Anderson\Documents\2024 - 2025\CS 410\Compiler\C_Compiler\mainpackage\Compiler.java. Using presentation compiler with project's scala-library version: 3.3.4
Dec 18, 2024 2:41:42 PM scala.meta.internal.pc.CompilerAccess handleError
SEVERE: A severe compiler error occurred, full details of the error can be found in the error report C:\Users\Mallory Anderson\Documents\2024 - 2025\CS 410\Compiler\C_Compiler\.metals\.reports\metals-full\2024-12-18\r_compiler-error_14-41-42-257.md
2024.12.18 14:41:45 INFO  no build target found for C:\Users\Mallory Anderson\Documents\2024 - 2025\CS 410\Compiler\C_Compiler\mainpackage\Compiler.java. Using presentation compiler with project's scala-library version: 3.3.4
2024.12.18 14:41:46 INFO  no build target found for C:\Users\Mallory Anderson\Documents\2024 - 2025\CS 410\Compiler\C_Compiler\mainpackage\Compiler.java. Using presentation compiler with project's scala-library version: 3.3.4
2024.12.18 14:41:49 INFO  no build target found for C:\Users\Mallory Anderson\Documents\2024 - 2025\CS 410\Compiler\C_Compiler\mainpackage\Compiler.java. Using presentation compiler with project's scala-library version: 3.3.4
2024.12.18 14:41:49 INFO  no build target found for C:\Users\Mallory Anderson\Documents\2024 - 2025\CS 410\Compiler\C_Compiler\mainpackage\Compiler.java. Using presentation compiler with project's scala-library version: 3.3.4
2024.12.18 14:42:36 INFO  Shutting down server
2024.12.18 14:42:36 INFO  shutting down Metals
2024.12.18 14:42:36 INFO  Exiting server
